[debug] [2023-03-07T06:56:25.118Z] ----------------------------------------------------------------------
[debug] [2023-03-07T06:56:25.122Z] Command:       C:\Program Files\nodejs\node.exe C:\Users\USER\AppData\Roaming\npm\node_modules\firebase-tools\lib\bin\firebase.js init
[debug] [2023-03-07T06:56:25.122Z] CLI Version:   11.24.0
[debug] [2023-03-07T06:56:25.123Z] Platform:      win32
[debug] [2023-03-07T06:56:25.123Z] Node Version:  v18.14.1
[debug] [2023-03-07T06:56:25.124Z] Time:          Tue Mar 07 2023 12:56:25 GMT+0600 (Bangladesh Standard Time)
[debug] [2023-03-07T06:56:25.124Z] ----------------------------------------------------------------------
[debug] 
[debug] [2023-03-07T06:56:25.133Z] > command requires scopes: ["email","openid","https://www.googleapis.com/auth/cloudplatformprojects.readonly","https://www.googleapis.com/auth/firebase","https://www.googleapis.com/auth/cloud-platform"]
[debug] [2023-03-07T06:56:25.133Z] > authorizing via signed-in user (devlopersolaiman@gmail.com)
[info] 
     ######## #### ########  ######## ########     ###     ######  ########
     ##        ##  ##     ## ##       ##     ##  ##   ##  ##       ##
     ######    ##  ########  ######   ########  #########  ######  ######
     ##        ##  ##    ##  ##       ##     ## ##     ##       ## ##
     ##       #### ##     ## ######## ########  ##     ##  ######  ########

You're about to initialize a Firebase project in this directory:

  C:\projects\more-doctor\claint-saiful-islam

Before we get started, keep in mind:

  * You are currently outside your home directory

[info] 
=== Project Setup
[info] 
[info] First, let's associate this project directory with a Firebase project.
[info] You can create multiple project aliases by running firebase use --add, 
[info] but for now we'll just set up a default project.
[info] 
[debug] [2023-03-07T06:57:12.954Z] >>> [apiv2][query] GET https://firebase.googleapis.com/v1beta1/projects pageSize=100
[debug] [2023-03-07T06:57:14.292Z] <<< [apiv2][status] GET https://firebase.googleapis.com/v1beta1/projects 200
[debug] [2023-03-07T06:57:14.292Z] <<< [apiv2][body] GET https://firebase.googleapis.com/v1beta1/projects [omitted]
[info] i  Using project doctors-saiful (doctors-saiful) 
[info] 
=== Hosting Setup
[info] 
[info] Your public directory is the folder (relative to your project directory) that
[info] will contain Hosting assets to be uploaded with firebase deploy. If you
[info] have a build process for your assets, use your build's output directory.
[info] 
